<?xml version="1.0" encoding="UTF-8"?>
<testsuite name="com.navigation.StatusServiceTest" tests="1" skipped="0" failures="0" errors="0" timestamp="2023-05-08T13:28:28" hostname="DESKTOP-4Q908I4" time="5.177">
  <properties/>
  <testcase name="getMobileStationById()" classname="com.navigation.StatusServiceTest" time="5.177"/>
  <system-out><![CDATA[15:28:10.377 [Test worker] DEBUG org.springframework.test.context.BootstrapUtils - Instantiating CacheAwareContextLoaderDelegate from class [org.springframework.test.context.cache.DefaultCacheAwareContextLoaderDelegate]
15:28:10.436 [Test worker] DEBUG org.springframework.test.context.BootstrapUtils - Instantiating BootstrapContext using constructor [public org.springframework.test.context.support.DefaultBootstrapContext(java.lang.Class,org.springframework.test.context.CacheAwareContextLoaderDelegate)]
15:28:10.589 [Test worker] DEBUG org.springframework.test.context.BootstrapUtils - Instantiating TestContextBootstrapper for test class [com.navigation.StatusServiceTest] from class [org.springframework.boot.test.context.SpringBootTestContextBootstrapper]
15:28:10.632 [Test worker] INFO org.springframework.boot.test.context.SpringBootTestContextBootstrapper - Neither @ContextConfiguration nor @ContextHierarchy found for test class [com.navigation.StatusServiceTest], using SpringBootContextLoader
15:28:10.654 [Test worker] DEBUG org.springframework.test.context.support.AbstractContextLoader - Did not detect default resource location for test class [com.navigation.StatusServiceTest]: class path resource [com/navigation/StatusServiceTest-context.xml] does not exist
15:28:10.656 [Test worker] DEBUG org.springframework.test.context.support.AbstractContextLoader - Did not detect default resource location for test class [com.navigation.StatusServiceTest]: class path resource [com/navigation/StatusServiceTestContext.groovy] does not exist
15:28:10.657 [Test worker] INFO org.springframework.test.context.support.AbstractContextLoader - Could not detect default resource locations for test class [com.navigation.StatusServiceTest]: no resource found for suffixes {-context.xml, Context.groovy}.
15:28:10.663 [Test worker] INFO org.springframework.test.context.support.AnnotationConfigContextLoaderUtils - Could not detect default configuration classes for test class [com.navigation.StatusServiceTest]: StatusServiceTest does not declare any static, non-private, non-final, nested classes annotated with @Configuration.
15:28:10.831 [Test worker] DEBUG org.springframework.test.context.support.ActiveProfilesUtils - Could not find an 'annotation declaring class' for annotation type [org.springframework.test.context.ActiveProfiles] and class [com.navigation.StatusServiceTest]
15:28:11.000 [Test worker] DEBUG org.springframework.context.annotation.ClassPathScanningCandidateComponentProvider - Identified candidate component class: file [C:\Users\saida\Downloads\interview\navigation\build\classes\java\main\com\navigation\NavigationApplication.class]
15:28:11.005 [Test worker] INFO org.springframework.boot.test.context.SpringBootTestContextBootstrapper - Found @SpringBootConfiguration com.navigation.NavigationApplication for test class com.navigation.StatusServiceTest
15:28:11.348 [Test worker] DEBUG org.springframework.boot.test.context.SpringBootTestContextBootstrapper - @TestExecutionListeners is not present for class [com.navigation.StatusServiceTest]: using defaults.
15:28:11.350 [Test worker] INFO org.springframework.boot.test.context.SpringBootTestContextBootstrapper - Loaded default TestExecutionListener class names from location [META-INF/spring.factories]: [org.springframework.boot.test.autoconfigure.restdocs.RestDocsTestExecutionListener, org.springframework.boot.test.autoconfigure.web.client.MockRestServiceServerResetTestExecutionListener, org.springframework.boot.test.autoconfigure.web.servlet.MockMvcPrintOnlyOnFailureTestExecutionListener, org.springframework.boot.test.autoconfigure.web.servlet.WebDriverTestExecutionListener, org.springframework.boot.test.autoconfigure.webservices.client.MockWebServiceServerTestExecutionListener, org.springframework.boot.test.mock.mockito.MockitoTestExecutionListener, org.springframework.boot.test.mock.mockito.ResetMocksTestExecutionListener, org.springframework.test.context.web.ServletTestExecutionListener, org.springframework.test.context.support.DirtiesContextBeforeModesTestExecutionListener, org.springframework.test.context.event.ApplicationEventsTestExecutionListener, org.springframework.test.context.support.DependencyInjectionTestExecutionListener, org.springframework.test.context.support.DirtiesContextTestExecutionListener, org.springframework.test.context.transaction.TransactionalTestExecutionListener, org.springframework.test.context.jdbc.SqlScriptsTestExecutionListener, org.springframework.test.context.event.EventPublishingTestExecutionListener]
15:28:11.392 [Test worker] INFO org.springframework.boot.test.context.SpringBootTestContextBootstrapper - Using TestExecutionListeners: [org.springframework.test.context.web.ServletTestExecutionListener@569bf9eb, org.springframework.test.context.support.DirtiesContextBeforeModesTestExecutionListener@61526469, org.springframework.test.context.event.ApplicationEventsTestExecutionListener@274872f8, org.springframework.boot.test.mock.mockito.MockitoTestExecutionListener@76ba13c, org.springframework.boot.test.autoconfigure.SpringBootDependencyInjectionTestExecutionListener@eb6449b, org.springframework.test.context.support.DirtiesContextTestExecutionListener@7c351808, org.springframework.test.context.transaction.TransactionalTestExecutionListener@180e6ac4, org.springframework.test.context.jdbc.SqlScriptsTestExecutionListener@42b64ab8, org.springframework.test.context.event.EventPublishingTestExecutionListener@7e985ce9, org.springframework.boot.test.autoconfigure.restdocs.RestDocsTestExecutionListener@2a39fe6a, org.springframework.boot.test.autoconfigure.web.client.MockRestServiceServerResetTestExecutionListener@410ae9a3, org.springframework.boot.test.autoconfigure.web.servlet.MockMvcPrintOnlyOnFailureTestExecutionListener@319988b0, org.springframework.boot.test.autoconfigure.web.servlet.WebDriverTestExecutionListener@d5ae57e, org.springframework.boot.test.autoconfigure.webservices.client.MockWebServiceServerTestExecutionListener@68759011, org.springframework.boot.test.mock.mockito.ResetMocksTestExecutionListener@7e242b4d]
15:28:11.402 [Test worker] DEBUG org.springframework.test.context.support.AbstractDirtiesContextTestExecutionListener - Before test class: context [DefaultTestContext@4fad94a7 testClass = StatusServiceTest, testInstance = [null], testMethod = [null], testException = [null], mergedContextConfiguration = [WebMergedContextConfiguration@475835b1 testClass = StatusServiceTest, locations = '{}', classes = '{class com.navigation.NavigationApplication}', contextInitializerClasses = '[]', activeProfiles = '{}', propertySourceLocations = '{}', propertySourceProperties = '{org.springframework.boot.test.context.SpringBootTestContextBootstrapper=true}', contextCustomizers = set[org.springframework.boot.test.autoconfigure.actuate.metrics.MetricsExportContextCustomizerFactory$DisableMetricExportContextCustomizer@5e4bd84a, org.springframework.boot.test.autoconfigure.properties.PropertyMappingContextCustomizer@0, org.springframework.boot.test.autoconfigure.web.servlet.WebDriverContextCustomizerFactory$Customizer@7776ab, org.springframework.boot.test.context.filter.ExcludeFilterContextCustomizer@2f1de2d6, org.springframework.boot.test.json.DuplicateJsonObjectContextCustomizerFactory$DuplicateJsonObjectContextCustomizer@3a0baae5, org.springframework.boot.test.mock.mockito.MockitoContextCustomizer@0, org.springframework.boot.test.web.client.TestRestTemplateContextCustomizer@53dbe163, org.springframework.boot.test.context.SpringBootTestArgs@1, org.springframework.boot.test.context.SpringBootTestWebEnvironment@ea6147e], resourceBasePath = 'src/main/webapp', contextLoader = 'org.springframework.boot.test.context.SpringBootContextLoader', parent = [null]], attributes = map['org.springframework.test.context.web.ServletTestExecutionListener.activateListener' -> true]], class annotated with @DirtiesContext [false] with mode [null].
15:28:11.505 [Test worker] DEBUG org.springframework.test.context.support.TestPropertySourceUtils - Adding inlined properties to environment: {spring.jmx.enabled=false, org.springframework.boot.test.context.SpringBootTestContextBootstrapper=true}

  .   ____          _            __ _ _
 /\\ / ___'_ __ _ _(_)_ __  __ _ \ \ \ \
( ( )\___ | '_ | '_| | '_ \/ _` | \ \ \ \
 \\/  ___)| |_)| | | | | || (_| |  ) ) ) )
  '  |____| .__|_| |_|_| |_\__, | / / / /
 =========|_|==============|___/=/_/_/_/
 :: Spring Boot ::                (v2.5.0)

2023-05-08 15:28:12.621  INFO 8284 --- [    Test worker] com.navigation.StatusServiceTest         : Starting StatusServiceTest using Java 15.0.2 on DESKTOP-4Q908I4 with PID 8284 (started by saida in C:\Users\saida\Downloads\interview\navigation)
2023-05-08 15:28:12.626  INFO 8284 --- [    Test worker] com.navigation.StatusServiceTest         : No active profile set, falling back to default profiles: default
2023-05-08 15:28:15.128  INFO 8284 --- [    Test worker] .s.d.r.c.RepositoryConfigurationDelegate : Bootstrapping Spring Data JPA repositories in DEFAULT mode.
2023-05-08 15:28:15.363  INFO 8284 --- [    Test worker] .s.d.r.c.RepositoryConfigurationDelegate : Finished Spring Data repository scanning in 209 ms. Found 3 JPA repository interfaces.
2023-05-08 15:28:17.048  INFO 8284 --- [    Test worker] com.zaxxer.hikari.HikariDataSource       : HikariPool-1 - Starting...
2023-05-08 15:28:17.711  INFO 8284 --- [    Test worker] com.zaxxer.hikari.HikariDataSource       : HikariPool-1 - Start completed.
2023-05-08 15:28:18.092  INFO 8284 --- [    Test worker] o.hibernate.jpa.internal.util.LogHelper  : HHH000204: Processing PersistenceUnitInfo [name: default]
2023-05-08 15:28:18.330  INFO 8284 --- [    Test worker] org.hibernate.Version                    : HHH000412: Hibernate ORM core version 5.4.31.Final
2023-05-08 15:28:19.098  INFO 8284 --- [    Test worker] o.hibernate.annotations.common.Version   : HCANN000001: Hibernate Commons Annotations {5.1.2.Final}
2023-05-08 15:28:19.643  INFO 8284 --- [    Test worker] org.hibernate.dialect.Dialect            : HHH000400: Using dialect: org.hibernate.dialect.H2Dialect
2023-05-08 15:28:23.288  INFO 8284 --- [    Test worker] o.h.e.t.j.p.i.JtaPlatformInitiator       : HHH000490: Using JtaPlatform implementation: [org.hibernate.engine.transaction.jta.platform.internal.NoJtaPlatform]
2023-05-08 15:28:23.312  INFO 8284 --- [    Test worker] j.LocalContainerEntityManagerFactoryBean : Initialized JPA EntityManagerFactory for persistence unit 'default'
2023-05-08 15:28:26.483  WARN 8284 --- [    Test worker] JpaBaseConfiguration$JpaWebConfiguration : spring.jpa.open-in-view is enabled by default. Therefore, database queries may be performed during view rendering. Explicitly configure spring.jpa.open-in-view to disable this warning
2023-05-08 15:28:27.438  INFO 8284 --- [    Test worker] o.s.b.a.h2.H2ConsoleAutoConfiguration    : H2 console available at '/h2-console'. Database available at 'jdbc:h2:mem:navigationDb'
2023-05-08 15:28:28.529  INFO 8284 --- [    Test worker] com.navigation.StatusServiceTest         : Started StatusServiceTest in 17.003 seconds (JVM running for 20.465)
2023-05-08 15:28:28.533  INFO 8284 --- [    Test worker] o.s.b.a.ApplicationAvailabilityBean      : Application availability state LivenessState changed to CORRECT
2023-05-08 15:28:28.539  INFO 8284 --- [    Test worker] o.s.b.a.ApplicationAvailabilityBean      : Application availability state ReadinessState changed to ACCEPTING_TRAFFIC
[ReportMobileStationEntity(reportId=f44df0c3-6156-4f22-95a3-b5e843fe4259, baseStationId=f583318e-af06-4a33-a9b0-8d77eafdce3e, mobileStationId=120e1f0b-8c45-4ef6-a367-1cfc6f0b87a0, distance=5.0, timestamp=2023-05-08 00:00:00.0)]
[ReportMobileStationEntity(reportId=a8bff018-c805-4d0b-8010-c2c58a6c231f, baseStationId=2cec38d8-055e-4141-83ea-4e50ee7dbc69, mobileStationId=120e1f0b-8c45-4ef6-a367-1cfc6f0b87a0, distance=5.0, timestamp=2023-05-08 00:00:00.0)]
MobileStationDto(mobileStationId=120e1f0b-8c45-4ef6-a367-1cfc6f0b87a0, x=5.0, y=6.0, errorRadius=1.4142135, errorCode=200, errorDescription=Calculation is ok!)
]]></system-out>
  <system-err><![CDATA[]]></system-err>
</testsuite>
